<?xml version="1.0" encoding="UTF-8"?>
<testsuite name="agh.ics.oop.Vector2DTest" tests="1" skipped="0" failures="0" errors="0" timestamp="2022-10-19T15:28:23" hostname="DESKTOP-P8JKJ0A" time="0.022">
  <properties/>
  <testcase name="hashCodeTest()" classname="agh.ics.oop.Vector2DTest" time="0.022"/>
  <system-out><![CDATA[]]></system-out>
  <system-err><![CDATA[]]></system-err>
</testsuite>
