<?xml version="1.0" encoding="UTF-8"?>
<testsuite name="agh.ics.oop.SimulatorEngineTest" tests="1" skipped="0" failures="0" errors="0" timestamp="2022-11-09T18:01:07" hostname="DESKTOP-P8JKJ0A" time="8.586">
  <properties/>
  <testcase name="runTest()" classname="agh.ics.oop.SimulatorEngineTest" time="8.586"/>
  <system-out><![CDATA[]]></system-out>
  <system-err><![CDATA[]]></system-err>
</testsuite>
