<?xml version="1.0" encoding="UTF-8"?>
<testsuite name="agh.ics.oop.Vector2DTest" tests="1" skipped="0" failures="0" errors="0" timestamp="2022-10-19T07:02:32" hostname="DESKTOP-P8JKJ0A" time="0.02">
  <properties/>
  <testcase name="oppositeTest()" classname="agh.ics.oop.Vector2DTest" time="0.02"/>
  <system-out><![CDATA[]]></system-out>
  <system-err><![CDATA[]]></system-err>
</testsuite>
